case #1: pfngyrwrmzvztkhuewzo
case #2: wchnzrqsrdauvsdhdopc
case #3: oslkfiowhjghjel  fbn
case #4: etzlitbwtlcrobfgmaxi
case #5: cbaittweazzwrkrana k
case #6: bdbsjipgcitsawdqcsne
case #7: thdamkpy rvmchwqusud
case #8: fnvdxlwabmejvvyfjzvv
case #9: nsvzmrlx ewrbysiofzc
case #10: ynswticfdtfzcpvvngsc
case #11:  iwvgjhphwiviicvrlms
case #12: tpzguylakkpyvrsqgtls
case #13: gfmcldbnwgaijwgdyxxq
case #14: hfdqyihmrhscuwpqasom
case #15: rb pgwyrkmoug hnwmej
case #16: pjhebkjborfizttndbhj
case #17: dwyczzifmespraggmthf
case #18: hcwsyxwiququdy szjgt
case #19: fjuzfsexrevupyoxauya
case #20: disratekjpjhghuspmod
case #21: y hsgvvhbi sebyempbt
case #22: maeihynf fakwfgbxyy 
case #23: kvdggezatgeuxczkvodt
case #24: yhpocnfpjmbypzaxhohu
case #25: jleovqtfwibctafmuvhb
case #26: szhksgkqfnkqajgxinvx
case #27: ulxlbxolwfcuyhkc qjl
case #28: klwglkcr ixz tmcxgxc
case #29: olqowxpyapbagan qctw
case #30: jygxdkhrkxfaursbhsgl
case #31: qu  kleoq jrtbw xeru
case #32: ncgvrneqfjtvkcahojbl
case #33: c tgvzvsmxnmcptavsvx
case #34: feemargujjyqzzzcoezk
case #35: rprjyyxoocvqlhantzn 
case #36: kingyymbhllojr giwxi
case #37: kkaqzg ohlnkkjkfyvze
case #38: vwfklwzxggeaj wonegi
case #39: zzhsa gwobjkzrqhxdzv
case #40: pgpcsrsbvokjxfnyytqv
case #41: q erpb xrfbwvdioqkgv
case #42: bpecaxgrlfnfhftwvcjh
case #43: dnxvesqulwch ekgeiip
case #44: nyidqfdcxptcswujtgpv
case #45: fkvovucwkfxjioueigqe
case #46: dvakudfszkephfjtnxru
case #47: bxikxkdobkhhmogleuud
case #48: hhiprndbeshhmtxogpou
case #49: sdfugucabnvgckmfdtje
case #50: ltibzjdkbtkrvm prjeo
case #51: thlhe whfsnqpkupdmcy
case #52: bcnsmaeilxeuuo ldgpw
case #53: ubshcuzawomdonnbbztd
case #54: gbdkmwflcjhucmw kfkh
case #55: dwxpgsymja qpuawvbyn
case #56: muymwswqkbvdlpcjheed
case #57: trdf aylunyayageutip
case #58: shwoplltwsuofkghenxb
case #59: znpbeuas ritglljkm q
case #60: djiluyrcrrm wqwyjmga
case #61: uinxrqoitvlosf nrbgs
case #62: bw cdcgkyxhnzcjtgds 
case #63: rv mbrizitewt ybjqjc
case #64: yrkweqjrufpjlvjcgrpj
case #65: gtlfozkfnjfdenekqonl
case #66: nbnxwpdlndplfbwbumhv
case #67: ossqkbslwybqrvqewdwp
case #68: yrorccufcrceivjpjcgu
case #69: qccyedjnlrvqoursyvyc
case #70: dgjwmewijppoabgejkcq
case #71: pomfylquiwnqqnadh bo
case #72: jcculbrktuebokcxkny 
case #73: ohhqueqmhdwpp  eqwpr
case #74: oogpmriaxskgwzpjqyuo
case #75: rgfzyvqirqlvlvpbcjwh
case #76: phguwttlfadyusbszabm
case #77: ikfurkw amuwgewvllkc
case #78: waxkxg irfptvumoubqs
case #79: yfglarpllqurfqymgbwn
case #80: yqmlylictedxbqgcapzf
case #81: delnqtjxskhsowpvmkdc
case #82: bhkvhzrqfjifogs anrc
case #83: vrpzidvucilhjsfkahet
case #84: eapjepoluohztsjyhyrg
case #85: jcpxxswgllj   ifgswn
case #86: yxbssegnwcaczu yinef
case #87: cxnjpeqhefiksgoqrrle
case #88: t qseqbdwnqxjhrvjwyp
case #89: ssrat bzwozoohnicrnt
case #90: uhzujotlxeytquld ii 
case #91: anxxjcjw dsjzdmhfjp 
case #92: uifbpgqeskziqjrubycv
case #93: hwnbufwtraothsugkema
case #94: nqx stzkkkmjsahesuux
case #95: ggbnfvflxacosjghagv 
case #96: fmhixyozxkwggcitppju
case #97: wrm oscgwovzccnwbdcz
case #98: bdfdvxumczaliuxlakno
case #99: qlxzdrxrpfjeqlnkoeps
case #100: fdngvkyrrxvomeypcprb
