case #1: 11*67
case #2: 2^2*3^2*19
case #3: 3*7*31
case #4: 2*3^2*7^2
case #5: 5*7*13
case #6: 2^2*29
case #7: 2*191
case #8: 2^3
case #9: 3*271
case #10: 2*313
case #11: 3*11^2
case #12: 3^3*7
case #13: 2^3*3*23
case #14: 2^3*3^4
case #15: 2*3^2*11
case #16: 2*5*17
case #17: 2*5^2*19
case #18: 2^6*3^2
case #19: 2*251
case #20: 7*89
case #21: 3*11*29
case #22: 3^4*5
case #23: 7*107
case #24: 11*61
case #25: 173
case #26: 499
case #27: 2*3^2*23
case #28: 2^2*7*31
case #29: 3^2*23
case #30: 3^2*47
case #31: 773
case #32: 769
case #33: 2*3^2*23
case #34: 173
case #35: 2^2*3*61
case #36: 3^2*5*17
case #37: 719
case #38: 3*293
case #39: 277
case #40: 2*311
case #41: 3*89
case #42: 2^2*3*43
case #43: 2*3^2*41
case #44: 2^2*23
case #45: 2^3*5*23
case #46: 5*197
case #47: 2^2*107
case #48: 2^3*5*7
case #49: 3^4
case #50: 3^3*7
case #51: 3^2*5
case #52: 2^3*31
case #53: 2^2*199
case #54: 5*181
case #55: 3*151
case #56: 7^3
case #57: 5*11
case #58: 2^2*109
case #59: 17*47
case #60: 3*149
case #61: 2*3*17
case #62: 239
case #63: 2^2*3*5*7
case #64: 11*73
case #65: 2^2*139
case #66: 29*31
case #67: 2*397
case #68: 5^2*37
case #69: 17*29
case #70: 2*7^3
case #71: 2*3*103
case #72: 2^7*3
case #73: 5*7*17
case #74: 2^2*179
case #75: 2*3*109
case #76: 3^3*5*7
case #77: 2^2*3*23
case #78: 827
case #79: 7*61
case #80: 2^2*5^3
case #81: 3^2*37
case #82: 641
case #83: 2^4*7
case #84: 2*3*7
case #85: 5*109
case #86: 5*73
case #87: 2^2*3*5*13
case #88: 3*5^2*11
case #89: 2^5*11
case #90: 2*3*17
case #91: 2^3*3*23
case #92: 13*37
case #93: 2*3^3
case #94: 7*101
case #95: 2^2*3^2*5
case #96: 3*5^2*11
case #97: 11*53
case #98: 2*263
case #99: 2^2*3*43
case #100: 2*7*53
