case #1: xjuphirwsovsjiqscjim
case #2: fodehrdtibhdoisisfwd
case #3: kpqeuwikcpqneweycwvo
case #4: jdjwbakwcjcefmthzazc
case #5: tiqwczhlxrvodmdobutn
case #6: ykfyfckuwejqpzbjtmhn
case #7: qqxxowpfogvtrnpwvevo
case #8: svoattnwzpuzwbvhxikq
case #9: dvhxdarfxzdxsuttrcwq
case #10: jcntpqqabagubczvykug
case #11: mvmuredgazsbmczfwapd
case #12: rzcvuesrvejikpitwuwo
case #13: gbgdpsexnvvrohhpympj
case #14: mzgqxiazzvkgkukitozp
case #15: exaignwxnjgnbepnvmlr
case #16: szkcqdxnvriswrckmszx
case #17: umqzpqotqvysfkkhzrjn
case #18: hcyneaxglziqdsqndioe
case #19: ikwieprsywykubeydfit
case #20: mwcjxowvxkjzjlodacpb
case #21: xhizzptwkwuskqmwadnq
case #22: yzmnshmrsfrctxihfomf
case #23: vkpllpynmelxdojcsjqb
case #24: irvzseppgepdbioyqiqe
case #25: qgybsnbqilhoxwwrwtsy
case #26: nowtvggquhivjxsowiji
case #27: wbfdgdfbbktyzdjhgxsx
case #28: vojtbdvsdyuqlqxgnkrn
case #29: cochjhvulxwehqbspdvw
case #30: avvlvlwhitwibnbnookv
case #31: kaipnmsyfgydtftxljcx
case #32: sfwrcsxdrklxwwfrprjv
case #33: kbxxgpjylbyvxjoebxuo
case #34: ucecxxzwjoxcemldnhnt
case #35: gdxqumnltlfmbdogfunw
case #36: zlfhdhjojvxphyftjvbo
case #37: upxxynfrhgkpjxagzcew
case #38: xqooopsziknfyuzvvytw
case #39: wnopspkcvjoaloaxpgzs
case #40: jhvrwceqljpgbsvwpzzv
case #41: pqcdnotuhaetflyrtcxp
case #42: czwbuttvvofpjlwjwfqx
case #43: vbderfiqgbuponmvjkdq
case #44: jfdthcjxamjywkkajmyx
case #45: edslyrtetkjegnfwxcug
case #46: roevojinmovzdajhfijz
case #47: veggkpuheggqkrneqdns
case #48: mpkxqdskoptlwvwrahht
case #49: rfwtwuxtnuyibyuntskz
case #50: ixwemxziewtiofiqdwzh
