100
622 635
855 842
535 34
899 583
572 823
104 727
892 66
308 397
225 763
174 171
333 281
417 994
489 360
806 571
413 138
831 518
440 121
195 542
772 653
309 666
477 33
557 567
559 571
508 580
940 278
542 795
19 886
410 442
635 613
777 636
482 824
396 814
782 959
431 969
709 691
604 355
324 410
948 527
291 351
578 531
340 811
572 640
158 944
125 542
693 597
702 611
27 739
474 983
527 10
141 254
447 863
423 605
897 88
556 95
602 205
458 991
483 248
368 415
663 254
45 228
773 182
607 235
768 934
257 122
497 800
273 59
669 591
937 453
407 726
978 592
382 390
672 514
58 585
126 231
94 693
454 682
593 196
536 825
921 167
691 492
936 945
997 481
342 680
176 850
402 851
852 88
349 73
49 810
851 766
472 531
301 260
115 501
353 727
299 460
334 753
779 375
138 604
692 53
607 265
885 883
