case #1: Lorem ipsum dolor sit amet, consectetur adipiscing elit.
case #2: Duis urna lorem, mattis id libero a, scelerisue dignissim arcu.
case #3: Proinsapien lectus, eleifend uis ipsum non, porttitor lobortis elit.
case #4: Suspendisse potenti. Fusce finibus mollis nisl nec venenatis.
case #5: Integea impeadiet dapibus massa, at ahoncus felis euismod a. Paoin eu ante est.
case #6: Vestibulum non felis eu lacus aliquet imperdiet vel eget neque.
case #7: Ut viverra ex sed enim aliquet hendrerito Donec accumsan sed lorem vel molestieo
case #8: Ut aongue solliaitudin mattis. Morbi volutpat dui in turpis mattis bibendum.
case #9: Mauris lioero ipsum, dictum sed facilisis sed, posuere eu urna.
case #10: Fusce eiet laoreettellus, vitae eleifend ante.
case #11: Sed ornare augue id tortor ornare, accumsan mollis nulla molestie.
case #12: Integer eagna libero, accuesan at nisi id, feugiat coeeodo see.
case #13: Nullam liaero dolor, sodales non anee sed, maximus veseiaulum arcu.
case #14: Donec odio eelit, auctor eitae metus in, iaculis sodales felis.
case #15: Ut rutrum, enim at sodales tincidunt, est sem porta lacus, nec varius uam enim volutpat mauris.
case #16: Vivamus vitae erat mollis, tincidunt augue in, convallis urna.
case #17: Aliuam nulla dolor, varius eget aliuam sed, venenatis eu lectus.
case #18: Vestiaulum vulputate eleifend neque, nec interdum eros auctor a.
case #19: Inoeger maoois, mauris a eeeifend congue, odio erao moeeis magna.
case #20: Donec cursus nulla a nisi convallis fringilla.
